<?xml version="1.0" encoding="UTF-8"?>
<testng-results skipped="0" failed="0" ignored="0" total="1" passed="1">
  <reporter-output>
  </reporter-output>
  <suite name="Default suite" duration-ms="50" started-at="2020-04-04T23:21:47 CDT" finished-at="2020-04-04T23:21:47 CDT">
    <groups>
    </groups>
    <test name="Default test" duration-ms="50" started-at="2020-04-04T23:21:47 CDT" finished-at="2020-04-04T23:21:47 CDT">
      <class name="seleniumtestpackage.TestNGTest1">
        <test-method status="PASS" signature="TestNgFirstTest()[pri:0, instance:seleniumtestpackage.TestNGTest1@1d29cf23]" name="TestNgFirstTest" duration-ms="8" started-at="2020-04-04T23:21:47 CDT" finished-at="2020-04-04T23:21:47 CDT">
          <reporter-output>
          </reporter-output>
        </test-method> <!-- TestNgFirstTest -->
      </class> <!-- seleniumtestpackage.TestNGTest1 -->
    </test> <!-- Default test -->
  </suite> <!-- Default suite -->
</testng-results>
